Flow report for clock_top
Wed May 21 15:59:08 2025
Quartus II Version 9.0 Build 235 06/17/2009 Service Pack 2 SJ Web Edition


---------------------
; Table of Contents ;
---------------------
  1. Legal Notice
  2. Flow Summary
  3. Flow Settings
  4. Flow Non-Default Global Settings
  5. Flow Elapsed Time
  6. Flow OS Summary
  7. Flow Log



----------------
; Legal Notice ;
----------------
Copyright (C) 1991-2009 Altera Corporation
Your use of Altera Corporation's design tools, logic functions 
and other software and tools, and its AMPP partner logic 
functions, and any output files from any of the foregoing 
(including device programming or simulation files), and any 
associated documentation or information are expressly subject 
to the terms and conditions of the Altera Program License 
Subscription Agreement, Altera MegaCore Function License 
Agreement, or other applicable license agreement, including, 
without limitation, that your use is for the sole purpose of 
programming logic devices manufactured by Altera and sold by 
Altera or its authorized distributors.  Please refer to the 
applicable agreement for further details.



+------------------------------------------------------------------------+
; Flow Summary                                                           ;
+-------------------------+----------------------------------------------+
; Flow Status             ; Successful - Wed May 21 15:59:08 2025        ;
; Quartus II Version      ; 9.0 Build 235 06/17/2009 SP 2 SJ Web Edition ;
; Revision Name           ; clock_top                                    ;
; Top-level Entity Name   ; clock_top                                    ;
; Family                  ; MAX7000S                                     ;
; Device                  ; EPM7128SLC84-15                              ;
; Timing Models           ; Final                                        ;
; Met timing requirements ; Yes                                          ;
; Total macrocells        ; 121 / 128 ( 95 % )                           ;
; Total pins              ; 42 / 68 ( 62 % )                             ;
+-------------------------+----------------------------------------------+


+-----------------------------------------+
; Flow Settings                           ;
+-------------------+---------------------+
; Option            ; Setting             ;
+-------------------+---------------------+
; Start date & time ; 05/21/2025 15:58:38 ;
; Main task         ; Compilation         ;
; Revision Name     ; clock_top           ;
+-------------------+---------------------+


+-------------------------------------------------------------------------------------------------------------------------------------------+
; Flow Non-Default Global Settings                                                                                                          ;
+------------------------------------+-------------------------------------------------------+---------------+-------------+----------------+
; Assignment Name                    ; Value                                                 ; Default Value ; Entity Name ; Section Id     ;
+------------------------------------+-------------------------------------------------------+---------------+-------------+----------------+
; COMPILER_SIGNATURE_ID              ; 101570520477837.174781431827384                       ; --            ; --          ; --             ;
; FITTER_EFFORT                      ; Standard Fit                                          ; Auto Fit      ; --          ; --             ;
; MAX7000_OPTIMIZATION_TECHNIQUE     ; Area                                                  ; Speed         ; --          ; --             ;
; MAX_CORE_JUNCTION_TEMP             ; 85                                                    ; --            ; --          ; --             ;
; MIN_CORE_JUNCTION_TEMP             ; 0                                                     ; --            ; --          ; --             ;
; MISC_FILE                          ; G:/verilog/0424ÈÕµ÷/20250426/20250424/clock_top.dpf   ; --            ; --          ; --             ;
; MISC_FILE                          ; C:/Users/Administrator/Desktop/20250424/clock_top.dpf ; --            ; --          ; --             ;
; MISC_FILE                          ; G:/verilog/20250430/clock_top.dpf                     ; --            ; --          ; --             ;
; OPTIMIZE_HOLD_TIMING               ; Off                                                   ; --            ; --          ; --             ;
; USE_GENERATED_PHYSICAL_CONSTRAINTS ; Off                                                   ; --            ; --          ; eda_blast_fpga ;
+------------------------------------+-------------------------------------------------------+---------------+-------------+----------------+


+-----------------------------------------------------------------------------------------------------------------------------+
; Flow Elapsed Time                                                                                                           ;
+-------------------------+--------------+-------------------------+---------------------+------------------------------------+
; Module Name             ; Elapsed Time ; Average Processors Used ; Peak Virtual Memory ; Total CPU Time (on all processors) ;
+-------------------------+--------------+-------------------------+---------------------+------------------------------------+
; Analysis & Synthesis    ; 00:00:02     ; 1.0                     ; 233 MB              ; 00:00:01                           ;
; Fitter                  ; 00:00:00     ; 1.0                     ; 219 MB              ; 00:00:00                           ;
; Assembler               ; 00:00:00     ; 1.0                     ; 204 MB              ; 00:00:00                           ;
; Classic Timing Analyzer ; 00:00:00     ; 1.0                     ; 177 MB              ; 00:00:00                           ;
; Total                   ; 00:00:02     ; --                      ; --                  ; 00:00:01                           ;
+-------------------------+--------------+-------------------------+---------------------+------------------------------------+


+------------------------------------------------------------------------------------------+
; Flow OS Summary                                                                          ;
+-------------------------+------------------+---------------+------------+----------------+
; Module Name             ; Machine Hostname ; OS Name       ; OS Version ; Processor type ;
+-------------------------+------------------+---------------+------------+----------------+
; Analysis & Synthesis    ; LAPTOP-NIR5883N  ; Windows Vista ; 6.2        ; x86_64         ;
; Fitter                  ; LAPTOP-NIR5883N  ; Windows Vista ; 6.2        ; x86_64         ;
; Assembler               ; LAPTOP-NIR5883N  ; Windows Vista ; 6.2        ; x86_64         ;
; Classic Timing Analyzer ; LAPTOP-NIR5883N  ; Windows Vista ; 6.2        ; x86_64         ;
+-------------------------+------------------+---------------+------------+----------------+


------------
; Flow Log ;
------------
quartus_map --read_settings_files=on --write_settings_files=off clock_top -c clock_top
quartus_fit --read_settings_files=off --write_settings_files=off clock_top -c clock_top
quartus_asm --read_settings_files=off --write_settings_files=off clock_top -c clock_top
quartus_tan --read_settings_files=off --write_settings_files=off clock_top -c clock_top



