Flow report for Pill_Bottling_System
Wed May 28 19:26:47 2025
Quartus II Version 9.0 Build 235 06/17/2009 Service Pack 2 SJ Web Edition


---------------------
; Table of Contents ;
---------------------
  1. Legal Notice
  2. Flow Summary
  3. Flow Settings
  4. Flow Non-Default Global Settings
  5. Flow Elapsed Time
  6. Flow OS Summary
  7. Flow Log



----------------
; Legal Notice ;
----------------
Copyright (C) 1991-2009 Altera Corporation
Your use of Altera Corporation's design tools, logic functions 
and other software and tools, and its AMPP partner logic 
functions, and any output files from any of the foregoing 
(including device programming or simulation files), and any 
associated documentation or information are expressly subject 
to the terms and conditions of the Altera Program License 
Subscription Agreement, Altera MegaCore Function License 
Agreement, or other applicable license agreement, including, 
without limitation, that your use is for the sole purpose of 
programming logic devices manufactured by Altera and sold by 
Altera or its authorized distributors.  Please refer to the 
applicable agreement for further details.



+------------------------------------------------------------------------+
; Flow Summary                                                           ;
+-------------------------+----------------------------------------------+
; Flow Status             ; Successful - Wed May 28 19:26:47 2025        ;
; Quartus II Version      ; 9.0 Build 235 06/17/2009 SP 2 SJ Web Edition ;
; Revision Name           ; Pill_Bottling_System                         ;
; Top-level Entity Name   ; Pill_Bottling_System                         ;
; Family                  ; MAX7000S                                     ;
; Device                  ; EPM7128SLC84-15                              ;
; Timing Models           ; Final                                        ;
; Met timing requirements ; Yes                                          ;
; Total macrocells        ; 115 / 128 ( 90 % )                           ;
; Total pins              ; 41 / 68 ( 60 % )                             ;
+-------------------------+----------------------------------------------+


+------------------------------------------+
; Flow Settings                            ;
+-------------------+----------------------+
; Option            ; Setting              ;
+-------------------+----------------------+
; Start date & time ; 05/28/2025 19:26:09  ;
; Main task         ; Compilation          ;
; Revision Name     ; Pill_Bottling_System ;
+-------------------+----------------------+


+-------------------------------------------------------------------------------------------------------------------------------------------------------------------------------+
; Flow Non-Default Global Settings                                                                                                                                              ;
+------------------------------------+-------------------------------------------------------------------------------------------+---------------+-------------+----------------+
; Assignment Name                    ; Value                                                                                     ; Default Value ; Entity Name ; Section Id     ;
+------------------------------------+-------------------------------------------------------------------------------------------+---------------+-------------+----------------+
; COMPILER_SIGNATURE_ID              ; 171720530315404.174843156922628                                                           ; --            ; --          ; --             ;
; MAX_CORE_JUNCTION_TEMP             ; 85                                                                                        ; --            ; --          ; --             ;
; MIN_CORE_JUNCTION_TEMP             ; 0                                                                                         ; --            ; --          ; --             ;
; MISC_FILE                          ; D:/QuartusII/quartus/[new things/Pill_Bottling_System4/Pill_Bottling_System.dpf           ; --            ; --          ; --             ;
; MISC_FILE                          ; D:/QuartusII/quartus/[new things/Pill_Bottling_System5/Pill_Bottling_System.dpf           ; --            ; --          ; --             ;
; MISC_FILE                          ; C:/Users/Administrator/Desktop/[new things/Pill_Bottling_System5/Pill_Bottling_System.dpf ; --            ; --          ; --             ;
; USE_GENERATED_PHYSICAL_CONSTRAINTS ; Off                                                                                       ; --            ; --          ; eda_blast_fpga ;
+------------------------------------+-------------------------------------------------------------------------------------------+---------------+-------------+----------------+


+-----------------------------------------------------------------------------------------------------------------------------+
; Flow Elapsed Time                                                                                                           ;
+-------------------------+--------------+-------------------------+---------------------+------------------------------------+
; Module Name             ; Elapsed Time ; Average Processors Used ; Peak Virtual Memory ; Total CPU Time (on all processors) ;
+-------------------------+--------------+-------------------------+---------------------+------------------------------------+
; Analysis & Synthesis    ; 00:00:04     ; 1.0                     ; 234 MB              ; 00:00:05                           ;
; Fitter                  ; 00:00:00     ; 1.0                     ; 219 MB              ; 00:00:00                           ;
; Assembler               ; 00:00:00     ; 1.0                     ; 205 MB              ; 00:00:00                           ;
; Classic Timing Analyzer ; 00:00:00     ; 1.0                     ; 179 MB              ; 00:00:00                           ;
; Total                   ; 00:00:04     ; --                      ; --                  ; 00:00:05                           ;
+-------------------------+--------------+-------------------------+---------------------+------------------------------------+


+------------------------------------------------------------------------------------------+
; Flow OS Summary                                                                          ;
+-------------------------+------------------+---------------+------------+----------------+
; Module Name             ; Machine Hostname ; OS Name       ; OS Version ; Processor type ;
+-------------------------+------------------+---------------+------------+----------------+
; Analysis & Synthesis    ; LAPTOP-GFVS0C2N  ; Windows Vista ; 6.2        ; x86_64         ;
; Fitter                  ; LAPTOP-GFVS0C2N  ; Windows Vista ; 6.2        ; x86_64         ;
; Assembler               ; LAPTOP-GFVS0C2N  ; Windows Vista ; 6.2        ; x86_64         ;
; Classic Timing Analyzer ; LAPTOP-GFVS0C2N  ; Windows Vista ; 6.2        ; x86_64         ;
+-------------------------+------------------+---------------+------------+----------------+


------------
; Flow Log ;
------------
quartus_map --read_settings_files=on --write_settings_files=off Pill_Bottling_System -c Pill_Bottling_System
quartus_fit --read_settings_files=off --write_settings_files=off Pill_Bottling_System -c Pill_Bottling_System
quartus_asm --read_settings_files=off --write_settings_files=off Pill_Bottling_System -c Pill_Bottling_System
quartus_tan --read_settings_files=off --write_settings_files=off Pill_Bottling_System -c Pill_Bottling_System



